15:28:10.415 [main] INFO  com.bairuihe.dcucuser.DcUcUserApplication - Starting DcUcUserApplication using Java 1.8.0_181 on DESKTOP-Q8O82JS with PID 23776 (D:\Code\OtherCode\Jarvis\dc-uc-user\target\classes started by ouyangzhiwei in D:\Code\OtherCode\Jarvis)
15:28:10.447 [main] INFO  com.bairuihe.dcucuser.DcUcUserApplication - No active profile set, falling back to 1 default profile: "default"
15:28:11.033 [main] INFO  org.apache.coyote.http11.Http11NioProtocol - Initializing ProtocolHandler ["http-nio-8080"]
15:28:11.034 [main] INFO  org.apache.catalina.core.StandardService - Starting service [Tomcat]
15:28:11.034 [main] INFO  org.apache.catalina.core.StandardEngine - Starting Servlet engine: [Apache Tomcat/9.0.68]
15:28:11.115 [main] INFO  org.apache.catalina.core.ContainerBase.[Tomcat].[localhost].[/jarvis] - Initializing Spring embedded WebApplicationContext
15:28:11.156 [main] INFO  com.alibaba.druid.spring.boot.autoconfigure.DruidDataSourceAutoConfigure - Init DruidDataSource
15:28:11.212 [main] INFO  com.alibaba.druid.pool.DruidDataSource - {dataSource-1} inited
15:28:11.490 [main] INFO  org.apache.coyote.http11.Http11NioProtocol - Starting ProtocolHandler ["http-nio-8080"]
15:28:11.506 [main] INFO  com.bairuihe.dcucuser.DcUcUserApplication - Started DcUcUserApplication in 1.419 seconds (JVM running for 2.233)
15:28:31.720 [http-nio-8080-exec-3] INFO  org.apache.catalina.core.ContainerBase.[Tomcat].[localhost].[/jarvis] - Initializing Spring DispatcherServlet 'dispatcherServlet'
15:28:31.825 [http-nio-8080-exec-3] INFO  com.bairuihe.dcucuser.demos.controller.UserController - 获取数据耗时：88
15:37:56.949 [SpringApplicationShutdownHook] INFO  com.alibaba.druid.pool.DruidDataSource - {dataSource-1} closing ...
15:37:56.951 [SpringApplicationShutdownHook] INFO  com.alibaba.druid.pool.DruidDataSource - {dataSource-1} closed
15:38:00.628 [main] INFO  com.bairuihe.dcucuser.DcUcUserApplication - Starting DcUcUserApplication using Java 1.8.0_181 on DESKTOP-Q8O82JS with PID 11444 (D:\Code\OtherCode\Jarvis\dc-uc-user\target\classes started by ouyangzhiwei in D:\Code\OtherCode\Jarvis)
15:38:00.658 [main] INFO  com.bairuihe.dcucuser.DcUcUserApplication - No active profile set, falling back to 1 default profile: "default"
15:38:01.227 [main] INFO  org.apache.coyote.http11.Http11NioProtocol - Initializing ProtocolHandler ["http-nio-8080"]
15:38:01.228 [main] INFO  org.apache.catalina.core.StandardService - Starting service [Tomcat]
15:38:01.228 [main] INFO  org.apache.catalina.core.StandardEngine - Starting Servlet engine: [Apache Tomcat/9.0.68]
15:38:01.300 [main] INFO  org.apache.catalina.core.ContainerBase.[Tomcat].[localhost].[/jarvis] - Initializing Spring embedded WebApplicationContext
15:38:01.370 [main] INFO  com.alibaba.druid.spring.boot.autoconfigure.DruidDataSourceAutoConfigure - Init DruidDataSource
15:38:01.450 [main] INFO  com.alibaba.druid.pool.DruidDataSource - {dataSource-1} inited
15:38:01.681 [main] INFO  org.apache.coyote.http11.Http11NioProtocol - Starting ProtocolHandler ["http-nio-8080"]
15:38:01.698 [main] INFO  com.bairuihe.dcucuser.DcUcUserApplication - Started DcUcUserApplication in 1.38 seconds (JVM running for 2.155)
15:38:10.016 [http-nio-8080-exec-1] INFO  org.apache.catalina.core.ContainerBase.[Tomcat].[localhost].[/jarvis] - Initializing Spring DispatcherServlet 'dispatcherServlet'
15:38:10.122 [http-nio-8080-exec-1] INFO  com.bairuihe.dcucuser.demos.controller.UserController - 获取数据耗时：88毫秒
15:48:24.216 [SpringApplicationShutdownHook] INFO  com.alibaba.druid.pool.DruidDataSource - {dataSource-1} closing ...
15:48:24.217 [SpringApplicationShutdownHook] INFO  com.alibaba.druid.pool.DruidDataSource - {dataSource-1} closed
15:48:27.956 [main] INFO  com.bairuihe.dcucuser.DcUcUserApplication - Starting DcUcUserApplication using Java 1.8.0_181 on DESKTOP-Q8O82JS with PID 1680 (D:\Code\OtherCode\Jarvis\dc-uc-user\target\classes started by ouyangzhiwei in D:\Code\OtherCode\Jarvis)
15:48:27.987 [main] INFO  com.bairuihe.dcucuser.DcUcUserApplication - No active profile set, falling back to 1 default profile: "default"
15:53:17.792 [main] INFO  com.bairuihe.dcucuser.DcUcUserApplication - Starting DcUcUserApplication using Java 1.8.0_181 on DESKTOP-Q8O82JS with PID 22364 (D:\Code\OtherCode\Jarvis\dc-uc-user\target\classes started by ouyangzhiwei in D:\Code\OtherCode\Jarvis)
15:53:17.823 [main] INFO  com.bairuihe.dcucuser.DcUcUserApplication - No active profile set, falling back to 1 default profile: "default"
15:54:31.341 [main] INFO  com.bairuihe.dcucuser.DcUcUserApplication - Starting DcUcUserApplication using Java 1.8.0_181 on DESKTOP-Q8O82JS with PID 15712 (D:\Code\OtherCode\Jarvis\dc-uc-user\target\classes started by ouyangzhiwei in D:\Code\OtherCode\Jarvis)
15:54:31.370 [main] INFO  com.bairuihe.dcucuser.DcUcUserApplication - No active profile set, falling back to 1 default profile: "default"
15:54:31.944 [main] INFO  org.apache.coyote.http11.Http11NioProtocol - Initializing ProtocolHandler ["http-nio-8080"]
15:54:31.944 [main] INFO  org.apache.catalina.core.StandardService - Starting service [Tomcat]
15:54:31.945 [main] INFO  org.apache.catalina.core.StandardEngine - Starting Servlet engine: [Apache Tomcat/9.0.68]
15:54:32.018 [main] INFO  org.apache.catalina.core.ContainerBase.[Tomcat].[localhost].[/jarvis] - Initializing Spring embedded WebApplicationContext
15:54:32.107 [main] INFO  com.alibaba.druid.spring.boot.autoconfigure.DruidDataSourceAutoConfigure - Init DruidDataSource
15:54:32.298 [main] INFO  com.alibaba.druid.pool.DruidDataSource - {dataSource-1} inited
15:54:32.527 [main] INFO  org.apache.coyote.http11.Http11NioProtocol - Starting ProtocolHandler ["http-nio-8080"]
15:54:32.550 [main] INFO  com.bairuihe.dcucuser.DcUcUserApplication - Started DcUcUserApplication in 1.529 seconds (JVM running for 2.353)
16:52:35.513 [SpringApplicationShutdownHook] INFO  com.alibaba.druid.pool.DruidDataSource - {dataSource-1} closing ...
16:52:35.516 [SpringApplicationShutdownHook] INFO  com.alibaba.druid.pool.DruidDataSource - {dataSource-1} closed
16:52:57.409 [main] INFO  com.bairuihe.dcucuser.DcUcUserApplication - Starting DcUcUserApplication using Java 1.8.0_181 on DESKTOP-Q8O82JS with PID 16192 (D:\Code\OtherCode\Jarvis\dc-uc-user\target\classes started by ouyangzhiwei in D:\Code\OtherCode\Jarvis)
16:52:57.439 [main] INFO  com.bairuihe.dcucuser.DcUcUserApplication - No active profile set, falling back to 1 default profile: "default"
16:56:10.120 [main] INFO  com.bairuihe.dcucuser.DcUcUserApplication - Starting DcUcUserApplication using Java 1.8.0_181 on DESKTOP-Q8O82JS with PID 10032 (D:\Code\OtherCode\Jarvis\dc-uc-user\target\classes started by ouyangzhiwei in D:\Code\OtherCode\Jarvis)
16:56:10.155 [main] INFO  com.bairuihe.dcucuser.DcUcUserApplication - No active profile set, falling back to 1 default profile: "default"
16:56:10.805 [main] INFO  org.apache.coyote.http11.Http11NioProtocol - Initializing ProtocolHandler ["http-nio-8080"]
16:56:10.806 [main] INFO  org.apache.catalina.core.StandardService - Starting service [Tomcat]
16:56:10.806 [main] INFO  org.apache.catalina.core.StandardEngine - Starting Servlet engine: [Apache Tomcat/9.0.68]
16:56:10.881 [main] INFO  org.apache.catalina.core.ContainerBase.[Tomcat].[localhost].[/jarvis] - Initializing Spring embedded WebApplicationContext
16:56:10.954 [main] INFO  com.alibaba.druid.spring.boot.autoconfigure.DruidDataSourceAutoConfigure - Init DruidDataSource
16:56:11.158 [main] INFO  com.alibaba.druid.pool.DruidDataSource - {dataSource-1} inited
16:56:11.415 [main] INFO  org.apache.coyote.http11.Http11NioProtocol - Starting ProtocolHandler ["http-nio-8080"]
16:56:11.432 [main] INFO  com.bairuihe.dcucuser.DcUcUserApplication - Started DcUcUserApplication in 1.638 seconds (JVM running for 2.438)
16:59:26.371 [SpringApplicationShutdownHook] INFO  com.alibaba.druid.pool.DruidDataSource - {dataSource-1} closing ...
16:59:26.374 [SpringApplicationShutdownHook] INFO  com.alibaba.druid.pool.DruidDataSource - {dataSource-1} closed
16:59:28.883 [main] INFO  com.bairuihe.dcucuser.DcUcUserApplication - Starting DcUcUserApplication using Java 1.8.0_181 on DESKTOP-Q8O82JS with PID 9196 (D:\Code\OtherCode\Jarvis\dc-uc-user\target\classes started by ouyangzhiwei in D:\Code\OtherCode\Jarvis)
16:59:28.916 [main] INFO  com.bairuihe.dcucuser.DcUcUserApplication - No active profile set, falling back to 1 default profile: "default"
16:59:29.536 [main] INFO  org.apache.coyote.http11.Http11NioProtocol - Initializing ProtocolHandler ["http-nio-8080"]
16:59:29.536 [main] INFO  org.apache.catalina.core.StandardService - Starting service [Tomcat]
16:59:29.536 [main] INFO  org.apache.catalina.core.StandardEngine - Starting Servlet engine: [Apache Tomcat/9.0.68]
16:59:29.631 [main] INFO  org.apache.catalina.core.ContainerBase.[Tomcat].[localhost].[/jarvis] - Initializing Spring embedded WebApplicationContext
16:59:29.704 [main] INFO  com.alibaba.druid.spring.boot.autoconfigure.DruidDataSourceAutoConfigure - Init DruidDataSource
16:59:29.893 [main] INFO  com.alibaba.druid.pool.DruidDataSource - {dataSource-1} inited
16:59:30.135 [main] INFO  org.apache.coyote.http11.Http11NioProtocol - Starting ProtocolHandler ["http-nio-8080"]
16:59:30.152 [main] INFO  com.bairuihe.dcucuser.DcUcUserApplication - Started DcUcUserApplication in 1.586 seconds (JVM running for 2.389)
17:04:18.014 [SpringApplicationShutdownHook] INFO  com.alibaba.druid.pool.DruidDataSource - {dataSource-1} closing ...
17:04:18.016 [SpringApplicationShutdownHook] INFO  com.alibaba.druid.pool.DruidDataSource - {dataSource-1} closed
