2023-11-03 11:28:38.579 [main] INFO  com.bairuihe.dcucuser.DcUcUserApplication - Starting DcUcUserApplication using Java 1.8.0_181 on DESKTOP-Q8O82JS with PID 25592 (D:\Code\OtherCode\Jarvis\dc-uc-user\target\classes started by ouyangzhiwei in D:\Code\OtherCode\Jarvis)
2023-11-03 11:28:38.582 [main] INFO  com.bairuihe.dcucuser.DcUcUserApplication - No active profile set, falling back to 1 default profile: "default"
2023-11-03 11:28:39.703 [main] INFO  o.s.boot.web.embedded.tomcat.TomcatWebServer - Tomcat initialized with port(s): 8080 (http)
2023-11-03 11:28:39.716 [main] INFO  org.apache.coyote.http11.Http11NioProtocol - Initializing ProtocolHandler ["http-nio-8080"]
2023-11-03 11:28:39.717 [main] INFO  org.apache.catalina.core.StandardService - Starting service [Tomcat]
2023-11-03 11:28:39.717 [main] INFO  org.apache.catalina.core.StandardEngine - Starting Servlet engine: [Apache Tomcat/9.0.68]
2023-11-03 11:28:39.857 [main] INFO  o.a.c.c.C.[Tomcat].[localhost].[/jarvis] - Initializing Spring embedded WebApplicationContext
2023-11-03 11:28:39.857 [main] INFO  o.s.b.w.s.c.ServletWebServerApplicationContext - Root WebApplicationContext: initialization completed in 1229 ms
2023-11-03 11:28:39.936 [main] INFO  c.a.d.s.b.a.DruidDataSourceAutoConfigure - Init DruidDataSource
2023-11-03 11:28:40.128 [main] INFO  com.alibaba.druid.pool.DruidDataSource - {dataSource-1} inited
2023-11-03 11:28:40.553 [main] INFO  o.s.b.a.web.servlet.WelcomePageHandlerMapping - Adding welcome page: class path resource [static/index.html]
2023-11-03 11:28:40.703 [main] INFO  org.apache.coyote.http11.Http11NioProtocol - Starting ProtocolHandler ["http-nio-8080"]
2023-11-03 11:28:40.714 [main] INFO  o.s.boot.web.embedded.tomcat.TomcatWebServer - Tomcat started on port(s): 8080 (http) with context path '/jarvis'
2023-11-03 11:28:40.721 [main] INFO  com.bairuihe.dcucuser.DcUcUserApplication - Started DcUcUserApplication in 2.854 seconds (JVM running for 4.139)
2023-11-03 11:28:50.972 [http-nio-8080-exec-1] INFO  o.a.c.c.C.[Tomcat].[localhost].[/jarvis] - Initializing Spring DispatcherServlet 'dispatcherServlet'
2023-11-03 11:28:50.972 [http-nio-8080-exec-1] INFO  org.springframework.web.servlet.DispatcherServlet - Initializing Servlet 'dispatcherServlet'
2023-11-03 11:28:50.973 [http-nio-8080-exec-1] INFO  org.springframework.web.servlet.DispatcherServlet - Completed initialization in 1 ms
2023-11-03 11:28:51.128 [http-nio-8080-exec-1] DEBUG c.b.dcucuser.demos.mappper.UserMapper.getUser - ==>  Preparing: select * from user where name = ?
2023-11-03 11:28:51.146 [http-nio-8080-exec-1] DEBUG c.b.dcucuser.demos.mappper.UserMapper.getUser - ==> Parameters: ouyang(String)
2023-11-03 11:28:51.154 [http-nio-8080-exec-1] TRACE c.b.dcucuser.demos.mappper.UserMapper.getUser - <==    Columns: id, name, age, sex
2023-11-03 11:28:51.155 [http-nio-8080-exec-1] TRACE c.b.dcucuser.demos.mappper.UserMapper.getUser - <==        Row: 1, ouyang, 25, 1
2023-11-03 11:28:51.159 [http-nio-8080-exec-1] DEBUG c.b.dcucuser.demos.mappper.UserMapper.getUser - <==      Total: 1
2023-11-03 11:28:51.160 [http-nio-8080-exec-1] INFO  c.b.dcucuser.demos.controller.UserController - 获取数据耗时：155
2023-11-03 11:29:31.616 [SpringApplicationShutdownHook] INFO  com.alibaba.druid.pool.DruidDataSource - {dataSource-1} closing ...
2023-11-03 11:29:31.619 [SpringApplicationShutdownHook] INFO  com.alibaba.druid.pool.DruidDataSource - {dataSource-1} closed
2023-11-03 11:29:33.974 [main] INFO  com.bairuihe.dcucuser.DcUcUserApplication - Starting DcUcUserApplication using Java 1.8.0_181 on DESKTOP-Q8O82JS with PID 9952 (D:\Code\OtherCode\Jarvis\dc-uc-user\target\classes started by ouyangzhiwei in D:\Code\OtherCode\Jarvis)
2023-11-03 11:29:33.976 [main] INFO  com.bairuihe.dcucuser.DcUcUserApplication - No active profile set, falling back to 1 default profile: "default"
2023-11-03 11:29:34.600 [main] INFO  o.s.boot.web.embedded.tomcat.TomcatWebServer - Tomcat initialized with port(s): 8080 (http)
2023-11-03 11:29:34.605 [main] INFO  org.apache.coyote.http11.Http11NioProtocol - Initializing ProtocolHandler ["http-nio-8080"]
2023-11-03 11:29:34.605 [main] INFO  org.apache.catalina.core.StandardService - Starting service [Tomcat]
2023-11-03 11:29:34.606 [main] INFO  org.apache.catalina.core.StandardEngine - Starting Servlet engine: [Apache Tomcat/9.0.68]
2023-11-03 11:29:34.687 [main] INFO  o.a.c.c.C.[Tomcat].[localhost].[/jarvis] - Initializing Spring embedded WebApplicationContext
2023-11-03 11:29:34.687 [main] INFO  o.s.b.w.s.c.ServletWebServerApplicationContext - Root WebApplicationContext: initialization completed in 684 ms
2023-11-03 11:29:34.738 [main] INFO  c.a.d.s.b.a.DruidDataSourceAutoConfigure - Init DruidDataSource
2023-11-03 11:29:34.795 [main] INFO  com.alibaba.druid.pool.DruidDataSource - {dataSource-1} inited
2023-11-03 11:29:35.014 [main] INFO  o.s.b.a.web.servlet.WelcomePageHandlerMapping - Adding welcome page: class path resource [static/index.html]
2023-11-03 11:29:35.096 [main] INFO  org.apache.coyote.http11.Http11NioProtocol - Starting ProtocolHandler ["http-nio-8080"]
2023-11-03 11:29:35.107 [main] INFO  o.s.boot.web.embedded.tomcat.TomcatWebServer - Tomcat started on port(s): 8080 (http) with context path '/jarvis'
2023-11-03 11:29:35.114 [main] INFO  com.bairuihe.dcucuser.DcUcUserApplication - Started DcUcUserApplication in 1.383 seconds (JVM running for 2.108)
2023-11-03 11:51:19.326 [SpringApplicationShutdownHook] INFO  com.alibaba.druid.pool.DruidDataSource - {dataSource-1} closing ...
2023-11-03 11:51:19.326 [SpringApplicationShutdownHook] INFO  com.alibaba.druid.pool.DruidDataSource - {dataSource-1} closed
2023-11-03 11:52:15.263 [main] INFO  com.bairuihe.dcucuser.DcUcUserApplication - Starting DcUcUserApplication using Java 1.8.0_181 on DESKTOP-Q8O82JS with PID 23660 (D:\Code\OtherCode\Jarvis\dc-uc-user\target\classes started by ouyangzhiwei in D:\Code\OtherCode\Jarvis)
2023-11-03 11:52:15.267 [main] INFO  com.bairuihe.dcucuser.DcUcUserApplication - No active profile set, falling back to 1 default profile: "default"
2023-11-03 11:52:16.340 [main] INFO  o.s.boot.web.embedded.tomcat.TomcatWebServer - Tomcat initialized with port(s): 8080 (http)
2023-11-03 11:52:16.348 [main] INFO  org.apache.coyote.http11.Http11NioProtocol - Initializing ProtocolHandler ["http-nio-8080"]
2023-11-03 11:52:16.348 [main] INFO  org.apache.catalina.core.StandardService - Starting service [Tomcat]
2023-11-03 11:52:16.352 [main] INFO  org.apache.catalina.core.StandardEngine - Starting Servlet engine: [Apache Tomcat/9.0.68]
2023-11-03 11:52:16.500 [main] INFO  o.a.c.c.C.[Tomcat].[localhost].[/jarvis] - Initializing Spring embedded WebApplicationContext
2023-11-03 11:52:16.500 [main] INFO  o.s.b.w.s.c.ServletWebServerApplicationContext - Root WebApplicationContext: initialization completed in 1185 ms
2023-11-03 11:52:16.596 [main] INFO  c.a.d.s.b.a.DruidDataSourceAutoConfigure - Init DruidDataSource
2023-11-03 11:52:16.696 [main] INFO  com.alibaba.druid.pool.DruidDataSource - {dataSource-1} inited
2023-11-03 11:52:17.079 [main] INFO  o.s.b.a.web.servlet.WelcomePageHandlerMapping - Adding welcome page: class path resource [static/index.html]
2023-11-03 11:52:17.231 [main] INFO  org.apache.coyote.http11.Http11NioProtocol - Starting ProtocolHandler ["http-nio-8080"]
2023-11-03 11:52:17.247 [main] INFO  o.s.boot.web.embedded.tomcat.TomcatWebServer - Tomcat started on port(s): 8080 (http) with context path '/jarvis'
2023-11-03 11:52:17.259 [main] INFO  com.bairuihe.dcucuser.DcUcUserApplication - Started DcUcUserApplication in 2.456 seconds (JVM running for 3.788)
2023-11-03 11:56:18.533 [SpringApplicationShutdownHook] INFO  com.alibaba.druid.pool.DruidDataSource - {dataSource-1} closing ...
2023-11-03 11:56:18.533 [SpringApplicationShutdownHook] INFO  com.alibaba.druid.pool.DruidDataSource - {dataSource-1} closed
2023-11-03 11:56:30.802 [main] INFO  com.bairuihe.dcucuser.DcUcUserApplication - Starting DcUcUserApplication using Java 1.8.0_181 on DESKTOP-Q8O82JS with PID 7608 (D:\Code\OtherCode\Jarvis\dc-uc-user\target\classes started by ouyangzhiwei in D:\Code\OtherCode\Jarvis)
2023-11-03 11:56:30.802 [main] INFO  com.bairuihe.dcucuser.DcUcUserApplication - No active profile set, falling back to 1 default profile: "default"
2023-11-03 11:56:31.850 [main] INFO  o.s.boot.web.embedded.tomcat.TomcatWebServer - Tomcat initialized with port(s): 8080 (http)
2023-11-03 11:56:31.858 [main] INFO  org.apache.coyote.http11.Http11NioProtocol - Initializing ProtocolHandler ["http-nio-8080"]
2023-11-03 11:56:31.858 [main] INFO  org.apache.catalina.core.StandardService - Starting service [Tomcat]
2023-11-03 11:56:31.858 [main] INFO  org.apache.catalina.core.StandardEngine - Starting Servlet engine: [Apache Tomcat/9.0.68]
2023-11-03 11:56:31.990 [main] INFO  o.a.c.c.C.[Tomcat].[localhost].[/jarvis] - Initializing Spring embedded WebApplicationContext
2023-11-03 11:56:31.990 [main] INFO  o.s.b.w.s.c.ServletWebServerApplicationContext - Root WebApplicationContext: initialization completed in 1140 ms
2023-11-03 11:56:32.078 [main] INFO  c.a.d.s.b.a.DruidDataSourceAutoConfigure - Init DruidDataSource
2023-11-03 11:56:32.170 [main] INFO  com.alibaba.druid.pool.DruidDataSource - {dataSource-1} inited
2023-11-03 11:56:32.524 [main] INFO  o.s.b.a.web.servlet.WelcomePageHandlerMapping - Adding welcome page: class path resource [static/index.html]
2023-11-03 11:56:32.650 [main] INFO  org.apache.coyote.http11.Http11NioProtocol - Starting ProtocolHandler ["http-nio-8080"]
2023-11-03 11:56:32.668 [main] INFO  o.s.boot.web.embedded.tomcat.TomcatWebServer - Tomcat started on port(s): 8080 (http) with context path '/jarvis'
2023-11-03 11:56:32.680 [main] INFO  com.bairuihe.dcucuser.DcUcUserApplication - Started DcUcUserApplication in 2.333 seconds (JVM running for 3.687)
2023-11-03 11:56:43.105 [SpringApplicationShutdownHook] INFO  com.alibaba.druid.pool.DruidDataSource - {dataSource-1} closing ...
2023-11-03 11:56:43.109 [SpringApplicationShutdownHook] INFO  com.alibaba.druid.pool.DruidDataSource - {dataSource-1} closed
2023-11-03 12:00:45.888 [main] INFO  com.bairuihe.dcucuser.DcUcUserApplication - Starting DcUcUserApplication using Java 1.8.0_181 on DESKTOP-Q8O82JS with PID 17896 (D:\Code\OtherCode\Jarvis\dc-uc-user\target\classes started by ouyangzhiwei in D:\Code\OtherCode\Jarvis)
2023-11-03 12:00:45.892 [main] INFO  com.bairuihe.dcucuser.DcUcUserApplication - No active profile set, falling back to 1 default profile: "default"
2023-11-03 12:00:46.888 [main] INFO  o.s.boot.web.embedded.tomcat.TomcatWebServer - Tomcat initialized with port(s): 8080 (http)
2023-11-03 12:00:46.896 [main] INFO  org.apache.coyote.http11.Http11NioProtocol - Initializing ProtocolHandler ["http-nio-8080"]
2023-11-03 12:00:46.896 [main] INFO  org.apache.catalina.core.StandardService - Starting service [Tomcat]
2023-11-03 12:00:46.896 [main] INFO  org.apache.catalina.core.StandardEngine - Starting Servlet engine: [Apache Tomcat/9.0.68]
2023-11-03 12:00:47.028 [main] INFO  o.a.c.c.C.[Tomcat].[localhost].[/jarvis] - Initializing Spring embedded WebApplicationContext
2023-11-03 12:00:47.028 [main] INFO  o.s.b.w.s.c.ServletWebServerApplicationContext - Root WebApplicationContext: initialization completed in 1088 ms
2023-11-03 12:00:47.114 [main] INFO  c.a.d.s.b.a.DruidDataSourceAutoConfigure - Init DruidDataSource
2023-11-03 12:00:47.214 [main] INFO  com.alibaba.druid.pool.DruidDataSource - {dataSource-1} inited
2023-11-03 12:00:47.576 [main] INFO  o.s.b.a.web.servlet.WelcomePageHandlerMapping - Adding welcome page: class path resource [static/index.html]
2023-11-03 12:00:47.704 [main] INFO  org.apache.coyote.http11.Http11NioProtocol - Starting ProtocolHandler ["http-nio-8080"]
2023-11-03 12:00:47.724 [main] INFO  o.s.boot.web.embedded.tomcat.TomcatWebServer - Tomcat started on port(s): 8080 (http) with context path '/jarvis'
2023-11-03 12:00:47.732 [main] INFO  com.bairuihe.dcucuser.DcUcUserApplication - Started DcUcUserApplication in 2.288 seconds (JVM running for 3.662)
2023-11-03 14:55:54.932 [SpringApplicationShutdownHook] INFO  com.alibaba.druid.pool.DruidDataSource - {dataSource-1} closing ...
2023-11-03 14:55:54.932 [SpringApplicationShutdownHook] INFO  com.alibaba.druid.pool.DruidDataSource - {dataSource-1} closed
2023-11-03 14:57:04.652 [main] INFO  com.bairuihe.dcucuser.DcUcUserApplication - Starting DcUcUserApplication using Java 1.8.0_181 on DESKTOP-Q8O82JS with PID 15996 (D:\Code\OtherCode\Jarvis\dc-uc-user\target\classes started by ouyangzhiwei in D:\Code\OtherCode\Jarvis)
2023-11-03 14:57:04.652 [main] INFO  com.bairuihe.dcucuser.DcUcUserApplication - No active profile set, falling back to 1 default profile: "default"
2023-11-03 14:57:05.716 [main] INFO  o.s.boot.web.embedded.tomcat.TomcatWebServer - Tomcat initialized with port(s): 8080 (http)
2023-11-03 14:57:05.724 [main] INFO  org.apache.coyote.http11.Http11NioProtocol - Initializing ProtocolHandler ["http-nio-8080"]
2023-11-03 14:57:05.724 [main] INFO  org.apache.catalina.core.StandardService - Starting service [Tomcat]
2023-11-03 14:57:05.724 [main] INFO  org.apache.catalina.core.StandardEngine - Starting Servlet engine: [Apache Tomcat/9.0.68]
2023-11-03 14:57:05.856 [main] INFO  o.a.c.c.C.[Tomcat].[localhost].[/jarvis] - Initializing Spring embedded WebApplicationContext
2023-11-03 14:57:05.856 [main] INFO  o.s.b.w.s.c.ServletWebServerApplicationContext - Root WebApplicationContext: initialization completed in 1156 ms
2023-11-03 14:57:05.955 [main] INFO  c.a.d.s.b.a.DruidDataSourceAutoConfigure - Init DruidDataSource
2023-11-03 14:57:06.055 [main] INFO  com.alibaba.druid.pool.DruidDataSource - {dataSource-1} inited
2023-11-03 14:57:06.411 [main] INFO  o.s.b.a.web.servlet.WelcomePageHandlerMapping - Adding welcome page: class path resource [static/index.html]
2023-11-03 14:57:06.543 [main] INFO  org.apache.coyote.http11.Http11NioProtocol - Starting ProtocolHandler ["http-nio-8080"]
2023-11-03 14:57:06.559 [main] INFO  o.s.boot.web.embedded.tomcat.TomcatWebServer - Tomcat started on port(s): 8080 (http) with context path '/jarvis'
2023-11-03 14:57:06.571 [main] INFO  com.bairuihe.dcucuser.DcUcUserApplication - Started DcUcUserApplication in 2.398 seconds (JVM running for 3.743)
2023-11-03 14:57:30.620 [SpringApplicationShutdownHook] INFO  com.alibaba.druid.pool.DruidDataSource - {dataSource-1} closing ...
2023-11-03 14:57:30.624 [SpringApplicationShutdownHook] INFO  com.alibaba.druid.pool.DruidDataSource - {dataSource-1} closed
2023-11-03 14:57:34.838 [main] INFO  com.bairuihe.dcucuser.DcUcUserApplication - Starting DcUcUserApplication using Java 1.8.0_181 on DESKTOP-Q8O82JS with PID 23756 (D:\Code\OtherCode\Jarvis\dc-uc-user\target\classes started by ouyangzhiwei in D:\Code\OtherCode\Jarvis)
2023-11-03 14:57:34.842 [main] INFO  com.bairuihe.dcucuser.DcUcUserApplication - No active profile set, falling back to 1 default profile: "default"
2023-11-03 14:57:35.950 [main] INFO  o.s.boot.web.embedded.tomcat.TomcatWebServer - Tomcat initialized with port(s): 8080 (http)
2023-11-03 14:57:35.962 [main] INFO  org.apache.coyote.http11.Http11NioProtocol - Initializing ProtocolHandler ["http-nio-8080"]
2023-11-03 14:57:35.962 [main] INFO  org.apache.catalina.core.StandardService - Starting service [Tomcat]
2023-11-03 14:57:35.962 [main] INFO  org.apache.catalina.core.StandardEngine - Starting Servlet engine: [Apache Tomcat/9.0.68]
2023-11-03 14:57:36.102 [main] INFO  o.a.c.c.C.[Tomcat].[localhost].[/jarvis] - Initializing Spring embedded WebApplicationContext
2023-11-03 14:57:36.102 [main] INFO  o.s.b.w.s.c.ServletWebServerApplicationContext - Root WebApplicationContext: initialization completed in 1200 ms
2023-11-03 14:57:36.206 [main] INFO  c.a.d.s.b.a.DruidDataSourceAutoConfigure - Init DruidDataSource
2023-11-03 14:57:36.308 [main] INFO  com.alibaba.druid.pool.DruidDataSource - {dataSource-1} inited
2023-11-03 14:57:36.683 [main] INFO  o.s.b.a.web.servlet.WelcomePageHandlerMapping - Adding welcome page: class path resource [static/index.html]
2023-11-03 14:57:36.811 [main] INFO  org.apache.coyote.http11.Http11NioProtocol - Starting ProtocolHandler ["http-nio-8080"]
2023-11-03 14:57:36.831 [main] INFO  o.s.boot.web.embedded.tomcat.TomcatWebServer - Tomcat started on port(s): 8080 (http) with context path '/jarvis'
2023-11-03 14:57:36.839 [main] INFO  com.bairuihe.dcucuser.DcUcUserApplication - Started DcUcUserApplication in 2.431 seconds (JVM running for 3.772)
2023-11-03 15:12:16.848 [SpringApplicationShutdownHook] INFO  com.alibaba.druid.pool.DruidDataSource - {dataSource-1} closing ...
2023-11-03 15:12:16.849 [SpringApplicationShutdownHook] INFO  com.alibaba.druid.pool.DruidDataSource - {dataSource-1} closed
2023-11-03 15:12:32.036 [main] INFO  com.bairuihe.dcucuser.DcUcUserApplication - Starting DcUcUserApplication using Java 1.8.0_181 on DESKTOP-Q8O82JS with PID 24132 (D:\Code\OtherCode\Jarvis\dc-uc-user\target\classes started by ouyangzhiwei in D:\Code\OtherCode\Jarvis)
2023-11-03 15:12:32.038 [main] INFO  com.bairuihe.dcucuser.DcUcUserApplication - No active profile set, falling back to 1 default profile: "default"
2023-11-03 15:12:32.644 [main] INFO  o.s.boot.web.embedded.tomcat.TomcatWebServer - Tomcat initialized with port(s): 8080 (http)
2023-11-03 15:12:32.649 [main] INFO  org.apache.coyote.http11.Http11NioProtocol - Initializing ProtocolHandler ["http-nio-8080"]
2023-11-03 15:12:32.650 [main] INFO  org.apache.catalina.core.StandardService - Starting service [Tomcat]
2023-11-03 15:12:32.650 [main] INFO  org.apache.catalina.core.StandardEngine - Starting Servlet engine: [Apache Tomcat/9.0.68]
2023-11-03 15:12:32.729 [main] INFO  o.a.c.c.C.[Tomcat].[localhost].[/jarvis] - Initializing Spring embedded WebApplicationContext
2023-11-03 15:12:32.729 [main] INFO  o.s.b.w.s.c.ServletWebServerApplicationContext - Root WebApplicationContext: initialization completed in 662 ms
2023-11-03 15:12:32.781 [main] INFO  c.a.d.s.b.a.DruidDataSourceAutoConfigure - Init DruidDataSource
2023-11-03 15:12:32.838 [main] INFO  com.alibaba.druid.pool.DruidDataSource - {dataSource-1} inited
2023-11-03 15:12:33.054 [main] INFO  o.s.b.a.web.servlet.WelcomePageHandlerMapping - Adding welcome page: class path resource [static/index.html]
2023-11-03 15:12:33.128 [main] INFO  org.apache.coyote.http11.Http11NioProtocol - Starting ProtocolHandler ["http-nio-8080"]
2023-11-03 15:12:33.139 [main] INFO  o.s.boot.web.embedded.tomcat.TomcatWebServer - Tomcat started on port(s): 8080 (http) with context path '/jarvis'
2023-11-03 15:12:33.145 [main] INFO  com.bairuihe.dcucuser.DcUcUserApplication - Started DcUcUserApplication in 1.356 seconds (JVM running for 2.111)
2023-11-03 15:13:37.040 [SpringApplicationShutdownHook] INFO  com.alibaba.druid.pool.DruidDataSource - {dataSource-1} closing ...
2023-11-03 15:13:37.041 [SpringApplicationShutdownHook] INFO  com.alibaba.druid.pool.DruidDataSource - {dataSource-1} closed
2023-11-03 15:14:50.263 [main] INFO  com.bairuihe.dcucuser.DcUcUserApplication - Starting DcUcUserApplication using Java 1.8.0_181 on DESKTOP-Q8O82JS with PID 16696 (D:\Code\OtherCode\Jarvis\dc-uc-user\target\classes started by ouyangzhiwei in D:\Code\OtherCode\Jarvis)
2023-11-03 15:14:50.265 [main] INFO  com.bairuihe.dcucuser.DcUcUserApplication - No active profile set, falling back to 1 default profile: "default"
2023-11-03 15:14:50.885 [main] INFO  o.s.boot.web.embedded.tomcat.TomcatWebServer - Tomcat initialized with port(s): 8080 (http)
2023-11-03 15:14:50.891 [main] INFO  org.apache.coyote.http11.Http11NioProtocol - Initializing ProtocolHandler ["http-nio-8080"]
2023-11-03 15:14:50.892 [main] INFO  org.apache.catalina.core.StandardService - Starting service [Tomcat]
2023-11-03 15:14:50.892 [main] INFO  org.apache.catalina.core.StandardEngine - Starting Servlet engine: [Apache Tomcat/9.0.68]
2023-11-03 15:14:50.983 [main] INFO  o.a.c.c.C.[Tomcat].[localhost].[/jarvis] - Initializing Spring embedded WebApplicationContext
2023-11-03 15:14:50.983 [main] INFO  o.s.b.w.s.c.ServletWebServerApplicationContext - Root WebApplicationContext: initialization completed in 690 ms
2023-11-03 15:14:51.038 [main] INFO  c.a.d.s.b.a.DruidDataSourceAutoConfigure - Init DruidDataSource
2023-11-03 15:14:51.100 [main] INFO  com.alibaba.druid.pool.DruidDataSource - {dataSource-1} inited
2023-11-03 15:14:51.332 [main] INFO  o.s.b.a.web.servlet.WelcomePageHandlerMapping - Adding welcome page: class path resource [static/index.html]
2023-11-03 15:14:51.414 [main] INFO  org.apache.coyote.http11.Http11NioProtocol - Starting ProtocolHandler ["http-nio-8080"]
2023-11-03 15:14:51.425 [main] INFO  o.s.boot.web.embedded.tomcat.TomcatWebServer - Tomcat started on port(s): 8080 (http) with context path '/jarvis'
2023-11-03 15:14:51.432 [main] INFO  com.bairuihe.dcucuser.DcUcUserApplication - Started DcUcUserApplication in 1.415 seconds (JVM running for 2.155)
2023-11-03 15:14:59.093 [http-nio-8080-exec-1] INFO  o.a.c.c.C.[Tomcat].[localhost].[/jarvis] - Initializing Spring DispatcherServlet 'dispatcherServlet'
2023-11-03 15:14:59.094 [http-nio-8080-exec-1] INFO  org.springframework.web.servlet.DispatcherServlet - Initializing Servlet 'dispatcherServlet'
2023-11-03 15:14:59.094 [http-nio-8080-exec-1] INFO  org.springframework.web.servlet.DispatcherServlet - Completed initialization in 0 ms
2023-11-03 15:14:59.184 [http-nio-8080-exec-1] DEBUG c.b.dcucuser.demos.mappper.UserMapper.getUser - ==>  Preparing: select * from user where name = ?
2023-11-03 15:14:59.191 [http-nio-8080-exec-1] DEBUG c.b.dcucuser.demos.mappper.UserMapper.getUser - ==> Parameters: ouyang(String)
2023-11-03 15:14:59.198 [http-nio-8080-exec-1] TRACE c.b.dcucuser.demos.mappper.UserMapper.getUser - <==    Columns: id, name, age, sex
2023-11-03 15:14:59.198 [http-nio-8080-exec-1] TRACE c.b.dcucuser.demos.mappper.UserMapper.getUser - <==        Row: 1, ouyang, 25, 1
2023-11-03 15:14:59.202 [http-nio-8080-exec-1] DEBUG c.b.dcucuser.demos.mappper.UserMapper.getUser - <==      Total: 1
2023-11-03 15:14:59.203 [http-nio-8080-exec-1] INFO  c.b.dcucuser.demos.controller.UserController - 获取数据耗时：93
2023-11-03 15:15:39.047 [SpringApplicationShutdownHook] INFO  com.alibaba.druid.pool.DruidDataSource - {dataSource-1} closing ...
2023-11-03 15:15:39.049 [SpringApplicationShutdownHook] INFO  com.alibaba.druid.pool.DruidDataSource - {dataSource-1} closed
